<?xml version="1.0" encoding="UTF-8"?>
<!-- Generated by org.testng.reporters.JUnitXMLReporter -->
<testsuite ignored="0" hostname="LTIN520502" failures="0" tests="5" name="Test" time="0.574" errors="0" timestamp="2024-04-29T11:42:15 IST">
  <testcase classname="newsAroundCognizant.TestBeCognizant" name="@BeforeClass setUp" time="-1.71437113468E9">
    <failure type="org.testng.TestNGException" message="
Parameter &amp;apos;browser&amp;apos; is required by BeforeClass on method setUp but has not been marked @Optional or defined
in C:\Users\2317443\Selenium\MainProject\src\test\java\newsAroundCognizant\extentreport.xml">
      <![CDATA[org.testng.TestNGException: 
Parameter 'browser' is required by BeforeClass on method setUp but has not been marked @Optional or defined
in C:\Users\2317443\Selenium\MainProject\src\test\java\newsAroundCognizant\extentreport.xml
at java.base/java.util.ArrayList.forEach(ArrayList.java:1511)
... Removed 22 stack frames]]>
    </failure>
  </testcase> <!-- @BeforeClass setUp -->
  <testcase classname="newsAroundCognizant.TestBeCognizant" name="@AfterClass tearDown" time="0.0">
    <skipped/>
  </testcase> <!-- @AfterClass tearDown -->
  <testcase classname="newsAroundCognizant.TestBeCognizant" name="testUser" time="0.0">
    <skipped/>
  </testcase> <!-- testUser -->
  <testcase classname="newsAroundCognizant.TestBeCognizant" name="testUserDetails" time="0.0">
    <skipped/>
  </testcase> <!-- testUserDetails -->
  <testcase classname="newsAroundCognizant.TestBeCognizant" name="AroundCognizant" time="0.0">
    <skipped/>
  </testcase> <!-- AroundCognizant -->
  <testcase classname="newsAroundCognizant.TestBeCognizant" name="seeAllNaviagtion" time="0.0">
    <skipped/>
  </testcase> <!-- seeAllNaviagtion -->
  <testcase classname="newsAroundCognizant.TestBeCognizant" name="seeAllNewsHeader" time="0.0">
    <skipped/>
  </testcase> <!-- seeAllNewsHeader -->
</testsuite> <!-- Test -->
